# JRE version: OpenJDK Runtime Environment (11.0.10) (build 11.0.10+0-b96-7249189)
# Java VM: OpenJDK 64-Bit Server VM (11.0.10+0-b96-7249189, mixed mode, tiered, compressed oops, g1 gc, windows-amd64)
Heap:
 garbage-first heap   total 225280K, used 106492K [0x0000000080000000, 0x0000000100000000)
  region size 1024K, 24 young (24576K), 8 survivors (8192K)
 Metaspace       used 87693K, capacity 90106K, committed 90240K, reserved 1128448K
  class space    used 11281K, capacity 12094K, committed 12160K, reserved 1048576K
GC Heap History (20 events):
Event: 40.283 GC heap before
{Heap before GC invocations=33 (full 0):
 garbage-first heap   total 225280K, used 193581K [0x0000000080000000, 0x0000000100000000)
  region size 1024K, 132 young (135168K), 7 survivors (7168K)
 Metaspace       used 47833K, capacity 49103K, committed 49152K, reserved 1091584K
  class space    used 6135K, capacity 6619K, committed 6656K, reserved 1048576K
}
Event: 40.298 GC heap after
{Heap after GC invocations=34 (full 0):
 garbage-first heap   total 225280K, used 66605K [0x0000000080000000, 0x0000000100000000)
  region size 1024K, 8 young (8192K), 8 survivors (8192K)
 Metaspace       used 47833K, capacity 49103K, committed 49152K, reserved 1091584K
  class space    used 6135K, capacity 6619K, committed 6656K, reserved 1048576K
}
Event: 41.088 GC heap before
{Heap before GC invocations=34 (full 0):
 garbage-first heap   total 225280K, used 193581K [0x0000000080000000, 0x0000000100000000)
  region size 1024K, 132 young (135168K), 8 survivors (8192K)
 Metaspace       used 47834K, capacity 49103K, committed 49152K, reserved 1091584K
  class space    used 6135K, capacity 6619K, committed 6656K, reserved 1048576K
}
Event: 41.106 GC heap after
{Heap after GC invocations=35 (full 0):
 garbage-first heap   total 225280K, used 67629K [0x0000000080000000, 0x0000000100000000)
  region size 1024K, 9 young (9216K), 9 survivors (9216K)
 Metaspace       used 47834K, capacity 49103K, committed 49152K, reserved 1091584K
  class space    used 6135K, capacity 6619K, committed 6656K, reserved 1048576K
}
Event: 41.944 GC heap before
{Heap before GC invocations=35 (full 0):
 garbage-first heap   total 225280K, used 191533K [0x0000000080000000, 0x0000000100000000)
  region size 1024K, 131 young (134144K), 9 survivors (9216K)
 Metaspace       used 47836K, capacity 49103K, committed 49152K, reserved 1091584K
  class space    used 6135K, capacity 6619K, committed 6656K, reserved 1048576K
}
Event: 41.966 GC heap after
{Heap after GC invocations=36 (full 0):
 garbage-first heap   total 225280K, used 68653K [0x0000000080000000, 0x0000000100000000)
  region size 1024K, 10 young (10240K), 10 survivors (10240K)
 Metaspace       used 47836K, capacity 49103K, committed 49152K, reserved 1091584K
  class space    used 6135K, capacity 6619K, committed 6656K, reserved 1048576K
}
Event: 43.254 GC heap before
{Heap before GC invocations=36 (full 0):
 garbage-first heap   total 225280K, used 190509K [0x0000000080000000, 0x0000000100000000)
  region size 1024K, 130 young (133120K), 10 survivors (10240K)
 Metaspace       used 47849K, capacity 49103K, committed 49152K, reserved 1091584K
  class space    used 6135K, capacity 6619K, committed 6656K, reserved 1048576K
}
Event: 43.261 GC heap after
{Heap after GC invocations=37 (full 0):
 garbage-first heap   total 225280K, used 58178K [0x0000000080000000, 0x0000000100000000)
  region size 1024K, 1 young (1024K), 1 survivors (1024K)
 Metaspace       used 47849K, capacity 49103K, committed 49152K, reserved 1091584K
  class space    used 6135K, capacity 6619K, committed 6656K, reserved 1048576K
}
Event: 46.892 GC heap before
{Heap before GC invocations=37 (full 0):
 garbage-first heap   total 225280K, used 195394K [0x0000000080000000, 0x0000000100000000)
  region size 1024K, 132 young (135168K), 1 survivors (1024K)
 Metaspace       used 53463K, capacity 55010K, committed 55296K, reserved 1097728K
  class space    used 6825K, capacity 7388K, committed 7424K, reserved 1048576K
}
Event: 46.913 GC heap after
{Heap after GC invocations=38 (full 0):
 garbage-first heap   total 225280K, used 66881K [0x0000000080000000, 0x0000000100000000)
  region size 1024K, 7 young (7168K), 7 survivors (7168K)
 Metaspace       used 53463K, capacity 55010K, committed 55296K, reserved 1097728K
  class space    used 6825K, capacity 7388K, committed 7424K, reserved 1048576K
}
Event: 52.340 GC heap before
{Heap before GC invocations=38 (full 0):
 garbage-first heap   total 225280K, used 194881K [0x0000000080000000, 0x0000000100000000)
  region size 1024K, 129 young (132096K), 7 survivors (7168K)
 Metaspace       used 65872K, capacity 67795K, committed 67968K, reserved 1107968K
  class space    used 8365K, capacity 9051K, committed 9088K, reserved 1048576K
}
Event: 52.375 GC heap after
{Heap after GC invocations=39 (full 0):
 garbage-first heap   total 225280K, used 80669K [0x0000000080000000, 0x0000000100000000)
  region size 1024K, 16 young (16384K), 16 survivors (16384K)
 Metaspace       used 65872K, capacity 67795K, committed 67968K, reserved 1107968K
  class space    used 8365K, capacity 9051K, committed 9088K, reserved 1048576K
}
Event: 52.623 GC heap before
{Heap before GC invocations=39 (full 0):
 garbage-first heap   total 225280K, used 91933K [0x0000000080000000, 0x0000000100000000)
  region size 1024K, 29 young (29696K), 16 survivors (16384K)
 Metaspace       used 67164K, capacity 69078K, committed 69120K, reserved 1110016K
  class space    used 8500K, capacity 9180K, committed 9216K, reserved 1048576K
}
Event: 52.680 GC heap after
{Heap after GC invocations=40 (full 0):
 garbage-first heap   total 225280K, used 85454K [0x0000000080000000, 0x0000000100000000)
  region size 1024K, 5 young (5120K), 5 survivors (5120K)
 Metaspace       used 67164K, capacity 69078K, committed 69120K, reserved 1110016K
  class space    used 8500K, capacity 9180K, committed 9216K, reserved 1048576K
}
Event: 54.850 GC heap before
{Heap before GC invocations=41 (full 0):
 garbage-first heap   total 225280K, used 149966K [0x0000000080000000, 0x0000000100000000)
  region size 1024K, 72 young (73728K), 5 survivors (5120K)
 Metaspace       used 72043K, capacity 74128K, committed 74368K, reserved 1114112K
  class space    used 9140K, capacity 9847K, committed 9856K, reserved 1048576K
}
Event: 54.871 GC heap after
{Heap after GC invocations=42 (full 0):
 garbage-first heap   total 225280K, used 83968K [0x0000000080000000, 0x0000000100000000)
  region size 1024K, 6 young (6144K), 6 survivors (6144K)
 Metaspace       used 72043K, capacity 74128K, committed 74368K, reserved 1114112K
  class space    used 9140K, capacity 9847K, committed 9856K, reserved 1048576K
}
Event: 57.499 GC heap before
{Heap before GC invocations=42 (full 0):
 garbage-first heap   total 225280K, used 156672K [0x0000000080000000, 0x0000000100000000)
  region size 1024K, 77 young (78848K), 6 survivors (6144K)
 Metaspace       used 78874K, capacity 81016K, committed 81152K, reserved 1120256K
  class space    used 10212K, capacity 10917K, committed 11008K, reserved 1048576K
}
Event: 57.525 GC heap after
{Heap after GC invocations=43 (full 0):
 garbage-first heap   total 225280K, used 87552K [0x0000000080000000, 0x0000000100000000)
  region size 1024K, 9 young (9216K), 9 survivors (9216K)
 Metaspace       used 78874K, capacity 81016K, committed 81152K, reserved 1120256K
  class space    used 10212K, capacity 10917K, committed 11008K, reserved 1048576K
}
Event: 59.638 GC heap before
{Heap before GC invocations=43 (full 0):
 garbage-first heap   total 225280K, used 164352K [0x0000000080000000, 0x0000000100000000)
  region size 1024K, 83 young (84992K), 9 survivors (9216K)
 Metaspace       used 85253K, capacity 87652K, committed 87808K, reserved 1126400K
  class space    used 10954K, capacity 11776K, committed 11776K, reserved 1048576K
}
Event: 59.673 GC heap after
{Heap after GC invocations=44 (full 0):
 garbage-first heap   total 225280K, used 91132K [0x0000000080000000, 0x0000000100000000)
  region size 1024K, 8 young (8192K), 8 survivors (8192K)
 Metaspace       used 85253K, capacity 87652K, committed 87808K, reserved 1126400K
  class space    used 10954K, capacity 11776K, committed 11776K, reserved 1048576K
}

